{"uuid":"7669917e-18a6-4c13-bbec-71277609daeb","historyId":"4dbec50cef0f4b545fe6916703e43a8","testCaseId":"52c70d973fbb0d1d2c2cce60ff94b0b6","fullName":"src/spec/features/features_files/KeyBoardEvent.feature:5","labels":[{"name":"tag","value":"key-board-envent"},{"name":"host","value":"DESKTOP-FH7VHF4"},{"name":"thread","value":"15280@DESKTOP-FH7VHF4.main(1)"},{"name":"feature","value":"Remplir et envoyer le formulaire dans la page text box"},{"name":"story","value":"Remplir et envoyer le formulaire dans la page text box"},{"name":"suite","value":"Remplir et envoyer le formulaire dans la page text box"},{"name":"testClass","value":"Remplir et envoyer le formulaire dans la page text box"},{"name":"framework","value":"cucumber4jvm"},{"name":"language","value":"java"},{"name":"gherkin_uri","value":"file:///C:/Users/Mohamed/eclipse-workspace/ForkSeleniumCucumber/src/spec/features/features_files/KeyBoardEvent.feature"},{"name":"package","value":"src.spec.features.features_files.KeyBoardEvent_feature.Remplir et envoyer le formulaire dans la page text box"}],"links":[],"name":"Remplir et envoyer le formulaire dans la page text box","status":"broken","statusDetails":{"known":false,"muted":false,"flaky":false,"message":"javascript error: agruments is not defined\n  (Session info: chrome=143.0.7499.41)\nBuild info: version: '4.36.0', revision: '6d115cfd87'\nSystem info: os.name: 'Windows 10', os.arch: 'amd64', os.version: '10.0', java.version: '17.0.12'\nDriver info: org.openqa.selenium.chrome.ChromeDriver\nCommand: [92ee9a41a82b33bef968b963a6c48717, executeScript {args=[{element-6066-11e4-a52e-4f735466cecf=f.2A4E1FD81660E5910141BB0963D3CCA7.d.49EB134D4EF70191943A26FB53A7F0F0.e.48}], script=agruments[0].click()}]\nCapabilities {acceptInsecureCerts: false, browserName: chrome, browserVersion: 143.0.7499.41, chrome: {chromedriverVersion: 143.0.7499.169 (164b20aab62..., userDataDir: C:\\Users\\Mohamed\\AppData\\Lo...}, fedcm:accounts: true, goog:chromeOptions: {debuggerAddress: localhost:50427}, goog:processID: 21188, networkConnectionEnabled: false, pageLoadStrategy: normal, platformName: windows, proxy: Proxy(), se:cdp: ws://localhost:50427/devtoo..., se:cdpVersion: 143.0.7499.41, setWindowRect: true, strictFileInteractability: false, timeouts: {implicit: 0, pageLoad: 300000, script: 30000}, unhandledPromptBehavior: dismiss and notify, webauthn:extension:credBlob: true, webauthn:extension:largeBlob: true, webauthn:extension:minPinLength: true, webauthn:extension:prf: true, webauthn:virtualAuthenticators: true}\nSession ID: 92ee9a41a82b33bef968b963a6c48717","trace":"org.openqa.selenium.JavascriptException: javascript error: agruments is not defined\n  (Session info: chrome=143.0.7499.41)\nBuild info: version: '4.36.0', revision: '6d115cfd87'\nSystem info: os.name: 'Windows 10', os.arch: 'amd64', os.version: '10.0', java.version: '17.0.12'\nDriver info: org.openqa.selenium.chrome.ChromeDriver\nCommand: [92ee9a41a82b33bef968b963a6c48717, executeScript {args=[{element-6066-11e4-a52e-4f735466cecf=f.2A4E1FD81660E5910141BB0963D3CCA7.d.49EB134D4EF70191943A26FB53A7F0F0.e.48}], script=agruments[0].click()}]\nCapabilities {acceptInsecureCerts: false, browserName: chrome, browserVersion: 143.0.7499.41, chrome: {chromedriverVersion: 143.0.7499.169 (164b20aab62..., userDataDir: C:\\Users\\Mohamed\\AppData\\Lo...}, fedcm:accounts: true, goog:chromeOptions: {debuggerAddress: localhost:50427}, goog:processID: 21188, networkConnectionEnabled: false, pageLoadStrategy: normal, platformName: windows, proxy: Proxy(), se:cdp: ws://localhost:50427/devtoo..., se:cdpVersion: 143.0.7499.41, setWindowRect: true, strictFileInteractability: false, timeouts: {implicit: 0, pageLoad: 300000, script: 30000}, unhandledPromptBehavior: dismiss and notify, webauthn:extension:credBlob: true, webauthn:extension:largeBlob: true, webauthn:extension:minPinLength: true, webauthn:extension:prf: true, webauthn:virtualAuthenticators: true}\nSession ID: 92ee9a41a82b33bef968b963a6c48717\r\n\tat java.base/jdk.internal.reflect.NativeConstructorAccessorImpl.newInstance0(Native Method)\r\n\tat java.base/jdk.internal.reflect.NativeConstructorAccessorImpl.newInstance(NativeConstructorAccessorImpl.java:77)\r\n\tat java.base/jdk.internal.reflect.DelegatingConstructorAccessorImpl.newInstance(DelegatingConstructorAccessorImpl.java:45)\r\n\tat java.base/java.lang.reflect.Constructor.newInstanceWithCaller(Constructor.java:499)\r\n\tat java.base/java.lang.reflect.Constructor.newInstance(Constructor.java:480)\r\n\tat org.openqa.selenium.remote.ErrorCodec.decode(ErrorCodec.java:167)\r\n\tat org.openqa.selenium.remote.codec.w3c.W3CHttpResponseCodec.decode(W3CHttpResponseCodec.java:138)\r\n\tat org.openqa.selenium.remote.codec.w3c.W3CHttpResponseCodec.decode(W3CHttpResponseCodec.java:50)\r\n\tat org.openqa.selenium.remote.HttpCommandExecutor.execute(HttpCommandExecutor.java:215)\r\n\tat org.openqa.selenium.remote.service.DriverCommandExecutor.invokeExecute(DriverCommandExecutor.java:216)\r\n\tat org.openqa.selenium.remote.service.DriverCommandExecutor.execute(DriverCommandExecutor.java:174)\r\n\tat org.openqa.selenium.remote.RemoteWebDriver.execute(RemoteWebDriver.java:557)\r\n\tat org.openqa.selenium.remote.RemoteWebDriver.executeScript(RemoteWebDriver.java:488)\r\n\tat com.e2etests.automation.page_objects.KeyBoardEventPage.clickOnSubmit(KeyBoardEventPage.java:56)\r\n\tat com.e2etests.automation.step_definitions.KeyBoardEventStepDefinition.jeCliqueSurLeBoutonPourEnvoyerLeFormulaire(KeyBoardEventStepDefinition.java:44)\r\n\tat ✽.je clique sur le bouton pour envoyer le formulaire(file:///C:/Users/Mohamed/eclipse-workspace/ForkSeleniumCucumber/src/spec/features/features_files/KeyBoardEvent.feature:11)\r\n"},"stage":"finished","description":"ETQ utilisateur je souhaite remplir et envoyer le formulaire dans la page text box","steps":[{"name":"Given je suis dans la page text box","status":"passed","statusDetails":{"known":false,"muted":false,"flaky":false},"stage":"finished","steps":[],"attachments":[],"parameters":[],"start":1767538466560,"stop":1767538467358},{"name":"When je saisie le nom complet","status":"passed","statusDetails":{"known":false,"muted":false,"flaky":false},"stage":"finished","steps":[],"attachments":[],"parameters":[],"start":1767538467361,"stop":1767538471134},{"name":"And je saisie l email","status":"passed","statusDetails":{"known":false,"muted":false,"flaky":false},"stage":"finished","steps":[],"attachments":[],"parameters":[],"start":1767538471134,"stop":1767538471274},{"name":"And je saisie l adresse","status":"passed","statusDetails":{"known":false,"muted":false,"flaky":false},"stage":"finished","steps":[],"attachments":[],"parameters":[],"start":1767538471274,"stop":1767538471390},{"name":"And je copie l adresse","status":"passed","statusDetails":{"known":false,"muted":false,"flaky":false},"stage":"finished","steps":[],"attachments":[],"parameters":[],"start":1767538471391,"stop":1767538471733},{"name":"And je clique sur le bouton pour envoyer le formulaire","status":"broken","statusDetails":{"known":false,"muted":false,"flaky":false,"message":"javascript error: agruments is not defined\n  (Session info: chrome=143.0.7499.41)\nBuild info: version: '4.36.0', revision: '6d115cfd87'\nSystem info: os.name: 'Windows 10', os.arch: 'amd64', os.version: '10.0', java.version: '17.0.12'\nDriver info: org.openqa.selenium.chrome.ChromeDriver\nCommand: [92ee9a41a82b33bef968b963a6c48717, executeScript {args=[{element-6066-11e4-a52e-4f735466cecf=f.2A4E1FD81660E5910141BB0963D3CCA7.d.49EB134D4EF70191943A26FB53A7F0F0.e.48}], script=agruments[0].click()}]\nCapabilities {acceptInsecureCerts: false, browserName: chrome, browserVersion: 143.0.7499.41, chrome: {chromedriverVersion: 143.0.7499.169 (164b20aab62..., userDataDir: C:\\Users\\Mohamed\\AppData\\Lo...}, fedcm:accounts: true, goog:chromeOptions: {debuggerAddress: localhost:50427}, goog:processID: 21188, networkConnectionEnabled: false, pageLoadStrategy: normal, platformName: windows, proxy: Proxy(), se:cdp: ws://localhost:50427/devtoo..., se:cdpVersion: 143.0.7499.41, setWindowRect: true, strictFileInteractability: false, timeouts: {implicit: 0, pageLoad: 300000, script: 30000}, unhandledPromptBehavior: dismiss and notify, webauthn:extension:credBlob: true, webauthn:extension:largeBlob: true, webauthn:extension:minPinLength: true, webauthn:extension:prf: true, webauthn:virtualAuthenticators: true}\nSession ID: 92ee9a41a82b33bef968b963a6c48717","trace":"org.openqa.selenium.JavascriptException: javascript error: agruments is not defined\n  (Session info: chrome=143.0.7499.41)\nBuild info: version: '4.36.0', revision: '6d115cfd87'\nSystem info: os.name: 'Windows 10', os.arch: 'amd64', os.version: '10.0', java.version: '17.0.12'\nDriver info: org.openqa.selenium.chrome.ChromeDriver\nCommand: [92ee9a41a82b33bef968b963a6c48717, executeScript {args=[{element-6066-11e4-a52e-4f735466cecf=f.2A4E1FD81660E5910141BB0963D3CCA7.d.49EB134D4EF70191943A26FB53A7F0F0.e.48}], script=agruments[0].click()}]\nCapabilities {acceptInsecureCerts: false, browserName: chrome, browserVersion: 143.0.7499.41, chrome: {chromedriverVersion: 143.0.7499.169 (164b20aab62..., userDataDir: C:\\Users\\Mohamed\\AppData\\Lo...}, fedcm:accounts: true, goog:chromeOptions: {debuggerAddress: localhost:50427}, goog:processID: 21188, networkConnectionEnabled: false, pageLoadStrategy: normal, platformName: windows, proxy: Proxy(), se:cdp: ws://localhost:50427/devtoo..., se:cdpVersion: 143.0.7499.41, setWindowRect: true, strictFileInteractability: false, timeouts: {implicit: 0, pageLoad: 300000, script: 30000}, unhandledPromptBehavior: dismiss and notify, webauthn:extension:credBlob: true, webauthn:extension:largeBlob: true, webauthn:extension:minPinLength: true, webauthn:extension:prf: true, webauthn:virtualAuthenticators: true}\nSession ID: 92ee9a41a82b33bef968b963a6c48717\r\n\tat java.base/jdk.internal.reflect.NativeConstructorAccessorImpl.newInstance0(Native Method)\r\n\tat java.base/jdk.internal.reflect.NativeConstructorAccessorImpl.newInstance(NativeConstructorAccessorImpl.java:77)\r\n\tat java.base/jdk.internal.reflect.DelegatingConstructorAccessorImpl.newInstance(DelegatingConstructorAccessorImpl.java:45)\r\n\tat java.base/java.lang.reflect.Constructor.newInstanceWithCaller(Constructor.java:499)\r\n\tat java.base/java.lang.reflect.Constructor.newInstance(Constructor.java:480)\r\n\tat org.openqa.selenium.remote.ErrorCodec.decode(ErrorCodec.java:167)\r\n\tat org.openqa.selenium.remote.codec.w3c.W3CHttpResponseCodec.decode(W3CHttpResponseCodec.java:138)\r\n\tat org.openqa.selenium.remote.codec.w3c.W3CHttpResponseCodec.decode(W3CHttpResponseCodec.java:50)\r\n\tat org.openqa.selenium.remote.HttpCommandExecutor.execute(HttpCommandExecutor.java:215)\r\n\tat org.openqa.selenium.remote.service.DriverCommandExecutor.invokeExecute(DriverCommandExecutor.java:216)\r\n\tat org.openqa.selenium.remote.service.DriverCommandExecutor.execute(DriverCommandExecutor.java:174)\r\n\tat org.openqa.selenium.remote.RemoteWebDriver.execute(RemoteWebDriver.java:557)\r\n\tat org.openqa.selenium.remote.RemoteWebDriver.executeScript(RemoteWebDriver.java:488)\r\n\tat com.e2etests.automation.page_objects.KeyBoardEventPage.clickOnSubmit(KeyBoardEventPage.java:56)\r\n\tat com.e2etests.automation.step_definitions.KeyBoardEventStepDefinition.jeCliqueSurLeBoutonPourEnvoyerLeFormulaire(KeyBoardEventStepDefinition.java:44)\r\n\tat ✽.je clique sur le bouton pour envoyer le formulaire(file:///C:/Users/Mohamed/eclipse-workspace/ForkSeleniumCucumber/src/spec/features/features_files/KeyBoardEvent.feature:11)\r\n"},"stage":"finished","steps":[],"attachments":[],"parameters":[],"start":1767538471733,"stop":1767538471814},{"name":"Then le fomulaire est envoyé","status":"skipped","statusDetails":{"known":false,"muted":false,"flaky":false},"stage":"finished","steps":[],"attachments":[],"parameters":[],"start":1767538471824,"stop":1767538471830}],"attachments":[],"parameters":[],"start":1767538463395,"stop":1767538472947}